#
# There is insufficient memory for the Java Runtime Environment to continue.
# Native memory allocation (malloc) failed to allocate 1658176 bytes for Chunk::new
# Possible reasons:
#   The system is out of physical RAM or swap space
#   The process is running with CompressedOops enabled, and the Java Heap may be blocking the growth of the native heap
# Possible solutions:
#   Reduce memory load on the system
#   Increase physical memory or swap space
#   Check if swap backing store is full
#   Decrease Java heap size (-Xmx/-Xms)
#   Decrease number of Java threads
#   Decrease Java thread stack sizes (-Xss)
#   Set larger code cache with -XX:ReservedCodeCacheSize=
#   JVM is running with Unscaled Compressed Oops mode in which the Java heap is
#     placed in the first 4GB address space. The Java Heap base address is the
#     maximum limit for the native heap growth. Please use -XX:HeapBaseMinAddress
#     to set the Java Heap base and to place the Java Heap above 4GB virtual address.
# This output file may be truncated or incomplete.
#
#  Out of Memory Error (allocation.cpp:389), pid=4596, tid=0x0000000000001c80
#
# JRE version: Java(TM) SE Runtime Environment (8.0_333-b02) (build 1.8.0_333-b02)
# Java VM: Java HotSpot(TM) 64-Bit Server VM (25.333-b02 mixed mode windows-amd64 compressed oops)
# Failed to write core dump. Minidumps are not enabled by default on client versions of Windows
#

---------------  T H R E A D  ---------------

Current thread (0x00000232b48ba800):  JavaThread "C2 CompilerThread1" daemon [_thread_in_native, id=7296, stack(0x0000008894000000,0x0000008894100000)]

Stack: [0x0000008894000000,0x0000008894100000]
Native frames: (J=compiled Java code, j=interpreted, Vv=VM code, C=native code)
V  [jvm.dll+0x32fc49]
V  [jvm.dll+0x2761a2]
V  [jvm.dll+0x276e4d]
V  [jvm.dll+0x26d7f5]
V  [jvm.dll+0xd5a0c]
V  [jvm.dll+0xd620c]
V  [jvm.dll+0x4716f5]
V  [jvm.dll+0x438d60]
V  [jvm.dll+0x441d65]
V  [jvm.dll+0x441125]
V  [jvm.dll+0x42becb]
V  [jvm.dll+0xac68b]
V  [jvm.dll+0xaaceb]
V  [jvm.dll+0x23e6f2]
V  [jvm.dll+0x292edc]
C  [ucrtbase.dll+0x21bb2]
C  [KERNEL32.DLL+0x17034]
C  [ntdll.dll+0x52651]


Current CompileTask:
C2:   4866 4213   !   4       org.springframework.core.annotation.AnnotationsScanner::processClassHierarchy (236 bytes)


---------------  P R O C E S S  ---------------

Java Threads: ( => current thread )
  0x00000232b9ec6000 JavaThread "Druid-ConnectionPool-Destroy-471180970" daemon [_thread_blocked, id=7656, stack(0x0000008894900000,0x0000008894a00000)]
  0x00000232b9f48800 JavaThread "Druid-ConnectionPool-Create-471180970" daemon [_thread_in_native, id=6600, stack(0x0000008894800000,0x0000008894900000)]
  0x00000232b850e800 JavaThread "Abandoned connection cleanup thread" daemon [_thread_blocked, id=8540, stack(0x0000008894700000,0x0000008894800000)]
  0x00000232b8511800 JavaThread "container-0" [_thread_blocked, id=2600, stack(0x0000008894600000,0x0000008894700000)]
  0x00000232b8511000 JavaThread "Catalina-utility-2" [_thread_blocked, id=2532, stack(0x0000008894500000,0x0000008894600000)]
  0x00000232b731b000 JavaThread "Catalina-utility-1" [_thread_blocked, id=9972, stack(0x0000008894400000,0x0000008894500000)]
  0x00000232b48f2000 JavaThread "Service Thread" daemon [_thread_blocked, id=11484, stack(0x0000008894200000,0x0000008894300000)]
  0x00000232b48c0000 JavaThread "C1 CompilerThread2" daemon [_thread_blocked, id=6372, stack(0x0000008894100000,0x0000008894200000)]
=>0x00000232b48ba800 JavaThread "C2 CompilerThread1" daemon [_thread_in_native, id=7296, stack(0x0000008894000000,0x0000008894100000)]
  0x00000232b48b7800 JavaThread "C2 CompilerThread0" daemon [_thread_in_native, id=12976, stack(0x0000008893f00000,0x0000008894000000)]
  0x00000232b48b0000 JavaThread "Monitor Ctrl-Break" daemon [_thread_in_native, id=1824, stack(0x0000008893e00000,0x0000008893f00000)]
  0x00000232b2e23000 JavaThread "Attach Listener" daemon [_thread_blocked, id=9836, stack(0x0000008893d00000,0x0000008893e00000)]
  0x00000232b2e22800 JavaThread "Signal Dispatcher" daemon [_thread_blocked, id=1528, stack(0x0000008893c00000,0x0000008893d00000)]
  0x00000232b2db1800 JavaThread "Finalizer" daemon [_thread_blocked, id=13060, stack(0x0000008893b00000,0x0000008893c00000)]
  0x00000232b2daa800 JavaThread "Reference Handler" daemon [_thread_blocked, id=8372, stack(0x0000008893a00000,0x0000008893b00000)]
  0x000002329cd7a800 JavaThread "main" [_thread_blocked, id=12184, stack(0x0000008893200000,0x0000008893300000)]

Other Threads:
  0x00000232b2d81800 VMThread [stack: 0x0000008893900000,0x0000008893a00000] [id=11120]
  0x00000232b49e4000 WatcherThread [stack: 0x0000008894300000,0x0000008894400000] [id=3408]

VM state:not at safepoint (normal execution)

VM Mutex/Monitor currently owned by a thread: None

heap address: 0x0000000082c00000, size: 2004 MB, Compressed Oops mode: 32-bit
Narrow klass base: 0x0000000000000000, Narrow klass shift: 3
Compressed class space size: 1073741824 Address: 0x0000000100000000

Heap:
 PSYoungGen      total 188416K, used 103014K [0x00000000d6400000, 0x00000000e3a80000, 0x0000000100000000)
  eden space 172544K, 59% used [0x00000000d6400000,0x00000000dc8998e0,0x00000000e0c80000)
  from space 15872K, 0% used [0x00000000e2000000,0x00000000e2000000,0x00000000e2f80000)
  to   space 19968K, 0% used [0x00000000e0c80000,0x00000000e0c80000,0x00000000e2000000)
 ParOldGen       total 93696K, used 20058K [0x0000000082c00000, 0x0000000088780000, 0x00000000d6400000)
  object space 93696K, 21% used [0x0000000082c00000,0x0000000083f96990,0x0000000088780000)
 Metaspace       used 39705K, capacity 41750K, committed 41944K, reserved 1085440K
  class space    used 4964K, capacity 5315K, committed 5376K, reserved 1048576K

Card table byte_map: [0x00000232ada70000,0x00000232ade60000] byte_map_base: 0x00000232ad65a000

Marking Bits: (ParMarkBitMap*) 0x000000006a299030
 Begin Bits: [0x00000232ae100000, 0x00000232b0050000)
 End Bits:   [0x00000232b0050000, 0x00000232b1fa0000)

Polling page: 0x000002329ce40000

CodeCache: size=245760Kb used=14063Kb max_used=14063Kb free=231696Kb
 bounds [0x000002329e6b0000, 0x000002329f480000, 0x00000232ad6b0000]
 total_blobs=4358 nmethods=3909 adapters=360
 compilation: enabled

Compilation events (10 events):
Event: 4.812 Thread 0x00000232b48c0000 4322       3       java.beans.PropertyDescriptor::getPropertyEditorClass (22 bytes)
Event: 4.812 Thread 0x00000232b48c0000 nmethod 4322 0x000002329f468e10 code [0x000002329f468f80, 0x000002329f4692f0]
Event: 4.812 Thread 0x00000232b48c0000 4323       3       org.springframework.beans.factory.annotation.InjectionMetadata$1::inject (1 bytes)
Event: 4.812 Thread 0x00000232b48c0000 nmethod 4323 0x000002329f4693d0 code [0x000002329f469520, 0x000002329f469678]
Event: 4.823 Thread 0x00000232b48c0000 4324       3       java.lang.String::split (326 bytes)
Event: 4.825 Thread 0x00000232b48c0000 nmethod 4324 0x000002329f469710 code [0x000002329f469b80, 0x000002329f46ce40]
Event: 4.825 Thread 0x00000232b48c0000 4325       3       java.lang.String::split (7 bytes)
Event: 4.825 Thread 0x00000232b48c0000 nmethod 4325 0x000002329f46ea50 code [0x000002329f46ebc0, 0x000002329f46edd0]
Event: 4.828 Thread 0x00000232b48c0000 4326   !   3       java.lang.Class::newInstance (155 bytes)
Event: 4.829 Thread 0x00000232b48c0000 nmethod 4326 0x000002329f46ee50 code [0x000002329f46f160, 0x000002329f470620]

GC Heap History (10 events):
Event: 2.252 GC heap before
{Heap before GC invocations=8 (full 1):
 PSYoungGen      total 114688K, used 112925K [0x00000000d6400000, 0x00000000ddd00000, 0x0000000100000000)
  eden space 105984K, 100% used [0x00000000d6400000,0x00000000dcb80000,0x00000000dcb80000)
  from space 8704K, 79% used [0x00000000dd400000,0x00000000ddac7738,0x00000000ddc80000)
  to   space 8704K, 0% used [0x00000000dcb80000,0x00000000dcb80000,0x00000000dd400000)
 ParOldGen       total 55296K, used 6992K [0x0000000082c00000, 0x0000000086200000, 0x00000000d6400000)
  object space 55296K, 12% used [0x0000000082c00000,0x00000000832d4230,0x0000000086200000)
 Metaspace       used 22178K, capacity 23124K, committed 23296K, reserved 1069056K
  class space    used 2746K, capacity 2946K, committed 3072K, reserved 1048576K
Event: 2.270 GC heap after
Heap after GC invocations=8 (full 1):
 PSYoungGen      total 114688K, used 8696K [0x00000000d6400000, 0x00000000e2f80000, 0x0000000100000000)
  eden space 105984K, 0% used [0x00000000d6400000,0x00000000d6400000,0x00000000dcb80000)
  from space 8704K, 99% used [0x00000000dcb80000,0x00000000dd3fe268,0x00000000dd400000)
  to   space 15872K, 0% used [0x00000000e2000000,0x00000000e2000000,0x00000000e2f80000)
 ParOldGen       total 55296K, used 20046K [0x0000000082c00000, 0x0000000086200000, 0x00000000d6400000)
  object space 55296K, 36% used [0x0000000082c00000,0x0000000083f939d8,0x0000000086200000)
 Metaspace       used 22178K, capacity 23124K, committed 23296K, reserved 1069056K
  class space    used 2746K, capacity 2946K, committed 3072K, reserved 1048576K
}
Event: 2.591 GC heap before
{Heap before GC invocations=9 (full 1):
 PSYoungGen      total 114688K, used 114680K [0x00000000d6400000, 0x00000000e2f80000, 0x0000000100000000)
  eden space 105984K, 100% used [0x00000000d6400000,0x00000000dcb80000,0x00000000dcb80000)
  from space 8704K, 99% used [0x00000000dcb80000,0x00000000dd3fe268,0x00000000dd400000)
  to   space 15872K, 0% used [0x00000000e2000000,0x00000000e2000000,0x00000000e2f80000)
 ParOldGen       total 55296K, used 20046K [0x0000000082c00000, 0x0000000086200000, 0x00000000d6400000)
  object space 55296K, 36% used [0x0000000082c00000,0x0000000083f939d8,0x0000000086200000)
 Metaspace       used 22211K, capacity 23188K, committed 23552K, reserved 1069056K
  class space    used 2754K, capacity 2946K, committed 3072K, reserved 1048576K
Event: 2.605 GC heap after
Heap after GC invocations=9 (full 1):
 PSYoungGen      total 188416K, used 15851K [0x00000000d6400000, 0x00000000e3a80000, 0x0000000100000000)
  eden space 172544K, 0% used [0x00000000d6400000,0x00000000d6400000,0x00000000e0c80000)
  from space 15872K, 99% used [0x00000000e2000000,0x00000000e2f7af48,0x00000000e2f80000)
  to   space 19968K, 0% used [0x00000000e0c80000,0x00000000e0c80000,0x00000000e2000000)
 ParOldGen       total 55296K, used 24196K [0x0000000082c00000, 0x0000000086200000, 0x00000000d6400000)
  object space 55296K, 43% used [0x0000000082c00000,0x00000000843a1378,0x0000000086200000)
 Metaspace       used 22211K, capacity 23188K, committed 23552K, reserved 1069056K
  class space    used 2754K, capacity 2946K, committed 3072K, reserved 1048576K
}
Event: 3.849 GC heap before
{Heap before GC invocations=10 (full 1):
 PSYoungGen      total 188416K, used 188395K [0x00000000d6400000, 0x00000000e3a80000, 0x0000000100000000)
  eden space 172544K, 100% used [0x00000000d6400000,0x00000000e0c80000,0x00000000e0c80000)
  from space 15872K, 99% used [0x00000000e2000000,0x00000000e2f7af48,0x00000000e2f80000)
  to   space 19968K, 0% used [0x00000000e0c80000,0x00000000e0c80000,0x00000000e2000000)
 ParOldGen       total 55296K, used 24196K [0x0000000082c00000, 0x0000000086200000, 0x00000000d6400000)
  object space 55296K, 43% used [0x0000000082c00000,0x00000000843a1378,0x0000000086200000)
 Metaspace       used 31463K, capacity 33016K, committed 33408K, reserved 1079296K
  class space    used 3844K, capacity 4146K, committed 4224K, reserved 1048576K
Event: 3.871 GC heap after
Heap after GC invocations=10 (full 1):
 PSYoungGen      total 192512K, used 19967K [0x00000000d6400000, 0x00000000e3a80000, 0x0000000100000000)
  eden space 172544K, 0% used [0x00000000d6400000,0x00000000d6400000,0x00000000e0c80000)
  from space 19968K, 99% used [0x00000000e0c80000,0x00000000e1fffec8,0x00000000e2000000)
  to   space 15872K, 0% used [0x00000000e2000000,0x00000000e2000000,0x00000000e2f80000)
 ParOldGen       total 55296K, used 34233K [0x0000000082c00000, 0x0000000086200000, 0x00000000d6400000)
  object space 55296K, 61% used [0x0000000082c00000,0x0000000084d6e740,0x0000000086200000)
 Metaspace       used 31463K, capacity 33016K, committed 33408K, reserved 1079296K
  class space    used 3844K, capacity 4146K, committed 4224K, reserved 1048576K
}
Event: 4.163 GC heap before
{Heap before GC invocations=11 (full 1):
 PSYoungGen      total 192512K, used 45060K [0x00000000d6400000, 0x00000000e3a80000, 0x0000000100000000)
  eden space 172544K, 14% used [0x00000000d6400000,0x00000000d7c81370,0x00000000e0c80000)
  from space 19968K, 99% used [0x00000000e0c80000,0x00000000e1fffec8,0x00000000e2000000)
  to   space 15872K, 0% used [0x00000000e2000000,0x00000000e2000000,0x00000000e2f80000)
 ParOldGen       total 55296K, used 34233K [0x0000000082c00000, 0x0000000086200000, 0x00000000d6400000)
  object space 55296K, 61% used [0x0000000082c00000,0x0000000084d6e740,0x0000000086200000)
 Metaspace       used 33638K, capacity 35316K, committed 35416K, reserved 1081344K
  class space    used 4140K, capacity 4440K, committed 4480K, reserved 1048576K
Event: 4.169 GC heap after
Heap after GC invocations=11 (full 1):
 PSYoungGen      total 188416K, used 8432K [0x00000000d6400000, 0x00000000e3a80000, 0x0000000100000000)
  eden space 172544K, 0% used [0x00000000d6400000,0x00000000d6400000,0x00000000e0c80000)
  from space 15872K, 53% used [0x00000000e2000000,0x00000000e283c310,0x00000000e2f80000)
  to   space 19968K, 0% used [0x00000000e0c80000,0x00000000e0c80000,0x00000000e2000000)
 ParOldGen       total 55296K, used 36817K [0x0000000082c00000, 0x0000000086200000, 0x00000000d6400000)
  object space 55296K, 66% used [0x0000000082c00000,0x0000000084ff4760,0x0000000086200000)
 Metaspace       used 33638K, capacity 35316K, committed 35416K, reserved 1081344K
  class space    used 4140K, capacity 4440K, committed 4480K, reserved 1048576K
}
Event: 4.169 GC heap before
{Heap before GC invocations=12 (full 2):
 PSYoungGen      total 188416K, used 8432K [0x00000000d6400000, 0x00000000e3a80000, 0x0000000100000000)
  eden space 172544K, 0% used [0x00000000d6400000,0x00000000d6400000,0x00000000e0c80000)
  from space 15872K, 53% used [0x00000000e2000000,0x00000000e283c310,0x00000000e2f80000)
  to   space 19968K, 0% used [0x00000000e0c80000,0x00000000e0c80000,0x00000000e2000000)
 ParOldGen       total 55296K, used 36817K [0x0000000082c00000, 0x0000000086200000, 0x00000000d6400000)
  object space 55296K, 66% used [0x0000000082c00000,0x0000000084ff4760,0x0000000086200000)
 Metaspace       used 33638K, capacity 35316K, committed 35416K, reserved 1081344K
  class space    used 4140K, capacity 4440K, committed 4480K, reserved 1048576K
Event: 4.221 GC heap after
Heap after GC invocations=12 (full 2):
 PSYoungGen      total 188416K, used 0K [0x00000000d6400000, 0x00000000e3a80000, 0x0000000100000000)
  eden space 172544K, 0% used [0x00000000d6400000,0x00000000d6400000,0x00000000e0c80000)
  from space 15872K, 0% used [0x00000000e2000000,0x00000000e2000000,0x00000000e2f80000)
  to   space 19968K, 0% used [0x00000000e0c80000,0x00000000e0c80000,0x00000000e2000000)
 ParOldGen       total 93696K, used 20058K [0x0000000082c00000, 0x0000000088780000, 0x00000000d6400000)
  object space 93696K, 21% used [0x0000000082c00000,0x0000000083f96990,0x0000000088780000)
 Metaspace       used 33638K, capacity 35316K, committed 35416K, reserved 1081344K
  class space    used 4140K, capacity 4440K, committed 4480K, reserved 1048576K
}

Deoptimization events (10 events):
Event: 4.545 Thread 0x000002329cd7a800 Uncommon trap: reason=unstable_if action=reinterpret pc=0x000002329e86bdd4 method=org.springframework.beans.factory.support.AbstractBeanFactory.isTypeMatch(Ljava/lang/String;Lorg/springframework/core/ResolvableType;Z)Z @ 559
Event: 4.557 Thread 0x000002329cd7a800 Uncommon trap: reason=class_check action=maybe_recompile pc=0x000002329e91ee60 method=java.util.regex.Pattern$Start.match(Ljava/util/regex/Matcher;ILjava/lang/CharSequence;)Z @ 44
Event: 4.557 Thread 0x000002329cd7a800 Uncommon trap: reason=class_check action=maybe_recompile pc=0x000002329e91ee60 method=java.util.regex.Pattern$Start.match(Ljava/util/regex/Matcher;ILjava/lang/CharSequence;)Z @ 44
Event: 4.557 Thread 0x000002329cd7a800 Uncommon trap: reason=class_check action=maybe_recompile pc=0x000002329e91ee60 method=java.util.regex.Pattern$Start.match(Ljava/util/regex/Matcher;ILjava/lang/CharSequence;)Z @ 44
Event: 4.656 Thread 0x000002329cd7a800 Uncommon trap: reason=class_check action=maybe_recompile pc=0x000002329e91ee60 method=java.util.regex.Pattern$Start.match(Ljava/util/regex/Matcher;ILjava/lang/CharSequence;)Z @ 44
Event: 4.661 Thread 0x000002329cd7a800 Uncommon trap: reason=class_check action=maybe_recompile pc=0x000002329edfb268 method=java.util.HashMap.putVal(ILjava/lang/Object;Ljava/lang/Object;ZZ)Ljava/lang/Object; @ 203
Event: 4.689 Thread 0x000002329cd7a800 Uncommon trap: reason=unstable_if action=reinterpret pc=0x000002329eef6fb8 method=org.springframework.util.ResourceUtils.isFileURL(Ljava/net/URL;)Z @ 11
Event: 4.690 Thread 0x000002329cd7a800 Uncommon trap: reason=unstable_if action=reinterpret pc=0x000002329eade5b8 method=java.util.concurrent.ConcurrentHashMap.transfer([Ljava/util/concurrent/ConcurrentHashMap$Node;[Ljava/util/concurrent/ConcurrentHashMap$Node;)V @ 356
Event: 4.713 Thread 0x000002329cd7a800 Uncommon trap: reason=unstable_if action=reinterpret pc=0x000002329f0f9438 method=sun.reflect.annotation.AnnotationInvocationHandler.invoke(Ljava/lang/Object;Ljava/lang/reflect/Method;[Ljava/lang/Object;)Ljava/lang/Object; @ 19
Event: 4.723 Thread 0x000002329cd7a800 Uncommon trap: reason=unstable_if action=reinterpret pc=0x000002329f1934ac method=java.util.Properties.load0(Ljava/util/Properties$LineReader;)V @ 80

Classes redefined (0 events):
No events

Internal exceptions (10 events):
Event: 4.515 Thread 0x000002329cd7a800 Exception <a 'java/lang/ClassNotFoundException': org/springframework/beans/factory/AwareCustomizer> (0x00000000da0b5b48) thrown at [C:\jenkins\workspace\8-2-build-windows-amd64-cygwin\jdk8u333\2551\hotspot\src\share\vm\classfile\systemDictionary.cpp, line
Event: 4.515 Thread 0x000002329cd7a800 Exception <a 'java/lang/ClassNotFoundException': org/springframework/web/context/ServletContextAwareCustomizer> (0x00000000da0ce028) thrown at [C:\jenkins\workspace\8-2-build-windows-amd64-cygwin\jdk8u333\2551\hotspot\src\share\vm\classfile\systemDictiona
Event: 4.515 Thread 0x000002329cd7a800 Exception <a 'java/lang/ClassNotFoundException': org/springframework/beans/factory/AwareCustomizer> (0x00000000da0e3aa8) thrown at [C:\jenkins\workspace\8-2-build-windows-amd64-cygwin\jdk8u333\2551\hotspot\src\share\vm\classfile\systemDictionary.cpp, line
Event: 4.679 Thread 0x000002329cd7a800 Exception <a 'java/lang/IncompatibleClassChangeError': Found class java.lang.Object, but interface was expected> (0x00000000db19c000) thrown at [C:\jenkins\workspace\8-2-build-windows-amd64-cygwin\jdk8u333\2551\hotspot\src\share\vm\interpreter\linkResolve
Event: 4.810 Thread 0x000002329cd7a800 Exception <a 'java/lang/ClassNotFoundException': java/lang/ObjectCustomizer> (0x00000000dbefaf58) thrown at [C:\jenkins\workspace\8-2-build-windows-amd64-cygwin\jdk8u333\2551\hotspot\src\share\vm\classfile\systemDictionary.cpp, line 212]
Event: 4.811 Thread 0x000002329cd7a800 Exception <a 'java/lang/ClassNotFoundException': org/springframework/dao/support/DaoSupportCustomizer> (0x00000000dbf14270) thrown at [C:\jenkins\workspace\8-2-build-windows-amd64-cygwin\jdk8u333\2551\hotspot\src\share\vm\classfile\systemDictionary.cpp, l
Event: 4.811 Thread 0x000002329cd7a800 Exception <a 'java/lang/ClassNotFoundException': org/beetl/sql/ext/spring4/BeetlSqlDaoSupportCustomizer> (0x00000000dbf2bc98) thrown at [C:\jenkins\workspace\8-2-build-windows-amd64-cygwin\jdk8u333\2551\hotspot\src\share\vm\classfile\systemDictionary.cpp,
Event: 4.811 Thread 0x000002329cd7a800 Exception <a 'java/lang/ClassNotFoundException': org/beetl/sql/ext/spring4/BeetlSqlFactoryBeanCustomizer> (0x00000000dbf45a48) thrown at [C:\jenkins\workspace\8-2-build-windows-amd64-cygwin\jdk8u333\2551\hotspot\src\share\vm\classfile\systemDictionary.cpp
Event: 4.812 Thread 0x000002329cd7a800 Exception <a 'java/lang/ClassNotFoundException': org/springframework/beans/factory/FactoryBeanCustomizer> (0x00000000dbf666a8) thrown at [C:\jenkins\workspace\8-2-build-windows-amd64-cygwin\jdk8u333\2551\hotspot\src\share\vm\classfile\systemDictionary.cpp
Event: 4.812 Thread 0x000002329cd7a800 Exception <a 'java/lang/ClassNotFoundException': org/springframework/beans/factory/InitializingBeanCustomizer> (0x00000000dbf82350) thrown at [C:\jenkins\workspace\8-2-build-windows-amd64-cygwin\jdk8u333\2551\hotspot\src\share\vm\classfile\systemDictionar

Events (10 events):
Event: 4.844 loading class org/beetl/core/statement/ForStatement done
Event: 4.844 loading class org/beetl/core/statement/GeneralForStatement
Event: 4.844 loading class org/beetl/core/statement/GeneralForStatement done
Event: 4.845 loading class org/beetl/sql/core/db/MetadataManager
Event: 4.845 loading class org/beetl/sql/core/db/MetadataManager done
Event: 4.845 loading class org/beetl/sql/core/db/TableDesc
Event: 4.845 loading class org/beetl/sql/core/db/TableDesc done
Event: 4.846 loading class org/beetl/sql/core/kit/CaseInsensitiveOrderSet
Event: 4.846 loading class org/beetl/sql/core/kit/CaseInsensitiveOrderSet done
Event: 4.846 Executing VM operation: Deoptimize


Dynamic libraries:
0x00007ff76aa40000 - 0x00007ff76aa87000 	C:\Program Files\Java\jdk1.8.0\bin\java.exe
0x00007ffbb5d10000 - 0x00007ffbb5f07000 	C:\Windows\SYSTEM32\ntdll.dll
0x00007ffbb3dd0000 - 0x00007ffbb3e8d000 	C:\Windows\System32\KERNEL32.DLL
0x00007ffbb34e0000 - 0x00007ffbb37ad000 	C:\Windows\System32\KERNELBASE.dll
0x00007ffbb5c20000 - 0x00007ffbb5cce000 	C:\Windows\System32\ADVAPI32.dll
0x00007ffbb5820000 - 0x00007ffbb58be000 	C:\Windows\System32\msvcrt.dll
0x00007ffbb4580000 - 0x00007ffbb461c000 	C:\Windows\System32\sechost.dll
0x00007ffbb56f0000 - 0x00007ffbb5815000 	C:\Windows\System32\RPCRT4.dll
0x00007ffbb41e0000 - 0x00007ffbb4380000 	C:\Windows\System32\USER32.dll
0x00007ffbb3830000 - 0x00007ffbb3852000 	C:\Windows\System32\win32u.dll
0x00007ffbb41b0000 - 0x00007ffbb41da000 	C:\Windows\System32\GDI32.dll
0x00007ffbb3ad0000 - 0x00007ffbb3bdb000 	C:\Windows\System32\gdi32full.dll
0x00007ffbb3a30000 - 0x00007ffbb3acd000 	C:\Windows\System32\msvcp_win.dll
0x00007ffbb3be0000 - 0x00007ffbb3ce0000 	C:\Windows\System32\ucrtbase.dll
0x00007ffba1430000 - 0x00007ffba16ca000 	C:\Windows\WinSxS\amd64_microsoft.windows.common-controls_6595b64144ccf1df_6.0.19041.1110_none_60b5254171f9507e\COMCTL32.dll
0x00007ffbb44d0000 - 0x00007ffbb4500000 	C:\Windows\System32\IMM32.DLL
0x00007ffbaed40000 - 0x00007ffbaed55000 	C:\Program Files\Java\jdk1.8.0\jre\bin\vcruntime140.dll
0x00007ffb9a840000 - 0x00007ffb9a8db000 	C:\Program Files\Java\jdk1.8.0\jre\bin\msvcp140.dll
0x0000000069ab0000 - 0x000000006a311000 	C:\Program Files\Java\jdk1.8.0\jre\bin\server\jvm.dll
0x00007ffbb56d0000 - 0x00007ffbb56d8000 	C:\Windows\System32\PSAPI.DLL
0x00007ffbad1f0000 - 0x00007ffbad1fa000 	C:\Windows\SYSTEM32\VERSION.dll
0x00007ffbac180000 - 0x00007ffbac1a7000 	C:\Windows\SYSTEM32\WINMM.dll
0x00007ffb9a730000 - 0x00007ffb9a739000 	C:\Windows\SYSTEM32\WSOCK32.dll
0x00007ffbb4500000 - 0x00007ffbb456b000 	C:\Windows\System32\WS2_32.dll
0x00007ffbb1ce0000 - 0x00007ffbb1cf2000 	C:\Windows\SYSTEM32\kernel.appcore.dll
0x00007ffbaedd0000 - 0x00007ffbaede0000 	C:\Program Files\Java\jdk1.8.0\jre\bin\verify.dll
0x00007ffba0650000 - 0x00007ffba067b000 	C:\Program Files\Java\jdk1.8.0\jre\bin\java.dll
0x00007ffb9a9f0000 - 0x00007ffb9aa20000 	C:\Program Files\Java\jdk1.8.0\jre\bin\instrument.dll
0x00007ffbaed20000 - 0x00007ffbaed38000 	C:\Program Files\Java\jdk1.8.0\jre\bin\zip.dll
0x00007ffbb48c0000 - 0x00007ffbb5004000 	C:\Windows\System32\SHELL32.dll
0x00007ffbb13c0000 - 0x00007ffbb1b54000 	C:\Windows\SYSTEM32\windows.storage.dll
0x00007ffbb58c0000 - 0x00007ffbb5c14000 	C:\Windows\System32\combase.dll
0x00007ffbb2e20000 - 0x00007ffbb2e4c000 	C:\Windows\SYSTEM32\Wldp.dll
0x00007ffbb3f50000 - 0x00007ffbb3ffd000 	C:\Windows\System32\SHCORE.dll
0x00007ffbb3ef0000 - 0x00007ffbb3f45000 	C:\Windows\System32\shlwapi.dll
0x00007ffbb3370000 - 0x00007ffbb338f000 	C:\Windows\SYSTEM32\profapi.dll
0x00007ffba1fe0000 - 0x00007ffba1ffa000 	N:\lizbit\IntelliJ IDEA 2021.1.3\bin\breakgen64.dll
0x00007ffbaeca0000 - 0x00007ffbaecbc000 	C:\Program Files\Java\jdk1.8.0\jre\bin\net.dll
0x00007ffbb2b20000 - 0x00007ffbb2b8a000 	C:\Windows\system32\mswsock.dll
0x00007ffba1a30000 - 0x00007ffba1a3d000 	C:\Program Files\Java\jdk1.8.0\jre\bin\management.dll
0x00007ffb752f0000 - 0x00007ffb75307000 	C:\Windows\system32\napinsp.dll
0x00007ffb752d0000 - 0x00007ffb752eb000 	C:\Windows\system32\pnrpnsp.dll
0x00007ffb82480000 - 0x00007ffb82495000 	C:\Windows\system32\wshbth.dll
0x00007ffbaeaf0000 - 0x00007ffbaeb0d000 	C:\Windows\system32\NLAapi.dll
0x00007ffbb2810000 - 0x00007ffbb284b000 	C:\Windows\SYSTEM32\IPHLPAPI.DLL
0x00007ffbb2850000 - 0x00007ffbb291b000 	C:\Windows\SYSTEM32\DNSAPI.dll
0x00007ffbb56e0000 - 0x00007ffbb56e8000 	C:\Windows\System32\NSI.dll
0x00007ffb752b0000 - 0x00007ffb752c2000 	C:\Windows\System32\winrnr.dll
0x00007ffba0c10000 - 0x00007ffba0c1a000 	C:\Windows\System32\rasadhlp.dll
0x00007ffba0b00000 - 0x00007ffba0b80000 	C:\Windows\System32\fwpuclnt.dll
0x00007ffbb3800000 - 0x00007ffbb3827000 	C:\Windows\System32\bcrypt.dll
0x00007ffbad730000 - 0x00007ffbad743000 	C:\Program Files\Java\jdk1.8.0\jre\bin\nio.dll
0x00007ffbb2d10000 - 0x00007ffbb2d28000 	C:\Windows\SYSTEM32\CRYPTSP.dll
0x00007ffbb24a0000 - 0x00007ffbb24d4000 	C:\Windows\system32\rsaenh.dll
0x00007ffbb32f0000 - 0x00007ffbb331e000 	C:\Windows\SYSTEM32\USERENV.dll
0x00007ffbb3ce0000 - 0x00007ffbb3d62000 	C:\Windows\System32\bcryptprimitives.dll
0x00007ffbb2d30000 - 0x00007ffbb2d3c000 	C:\Windows\SYSTEM32\CRYPTBASE.dll
0x00007ffbac320000 - 0x00007ffbac337000 	C:\Windows\SYSTEM32\dhcpcsvc6.DLL
0x00007ffbac860000 - 0x00007ffbac87d000 	C:\Windows\SYSTEM32\dhcpcsvc.DLL
0x00007ffb98400000 - 0x00007ffb985e4000 	C:\Windows\SYSTEM32\dbghelp.dll

VM Arguments:
jvm_args: -javaagent:N:\lizbit\IntelliJ IDEA 2021.1.3\lib\idea_rt.jar=57656:N:\lizbit\IntelliJ IDEA 2021.1.3\bin -Dfile.encoding=UTF-8 
java_command: com.example.shop.ShopApplication
java_class_path (initial): C:\Program Files\Java\jdk1.8.0\jre\lib\charsets.jar;C:\Program Files\Java\jdk1.8.0\jre\lib\deploy.jar;C:\Program Files\Java\jdk1.8.0\jre\lib\ext\access-bridge-64.jar;C:\Program Files\Java\jdk1.8.0\jre\lib\ext\cldrdata.jar;C:\Program Files\Java\jdk1.8.0\jre\lib\ext\dnsns.jar;C:\Program Files\Java\jdk1.8.0\jre\lib\ext\jaccess.jar;C:\Program Files\Java\jdk1.8.0\jre\lib\ext\jfxrt.jar;C:\Program Files\Java\jdk1.8.0\jre\lib\ext\localedata.jar;C:\Program Files\Java\jdk1.8.0\jre\lib\ext\nashorn.jar;C:\Program Files\Java\jdk1.8.0\jre\lib\ext\sunec.jar;C:\Program Files\Java\jdk1.8.0\jre\lib\ext\sunjce_provider.jar;C:\Program Files\Java\jdk1.8.0\jre\lib\ext\sunmscapi.jar;C:\Program Files\Java\jdk1.8.0\jre\lib\ext\sunpkcs11.jar;C:\Program Files\Java\jdk1.8.0\jre\lib\ext\zipfs.jar;C:\Program Files\Java\jdk1.8.0\jre\lib\javaws.jar;C:\Program Files\Java\jdk1.8.0\jre\lib\jce.jar;C:\Program Files\Java\jdk1.8.0\jre\lib\jfr.jar;C:\Program Files\Java\jdk1.8.0\jre\lib\jfxswt.jar;C:\Program Files\Java\jdk1.8.0\jre\lib\jsse.jar;C:\Program Files\Java\jdk1.8.0\jre\lib\management-agent.jar;C:\Program Files\Java\jdk1.8.0\jre\lib\plugin.jar;C:\Program Files\Java\jdk1.8.0\jre\lib\resources.jar;C:\Program Files\Java\jdk1.8.0\jre\lib\rt.jar;N:\lizbit\shop\target\classes;C:\Users\PCuser\.m2\repository\org\projectlombok\lombok\1.16.10\lombok-1.16.10.jar;C:\Users\PCuser\.m2\repository\org\springframework\boot\spring-boot-starter-web\2.3.2.RELEASE\spring-boot-starter-web-2.3.2.RELEASE.jar;C:\Users\PCuser\.m2\repository\org\springframework\boot\spring-boot-starter\2.3.2.RELEASE\spring-boot-starter-2.3.2.RELEASE.jar;C:\Users\PCuser\.m2\repository\org\springframework\boot\spring-boot\2.3.2.RELEASE\spring-boot-2.3.2.RELEASE.jar;C:\Users\PCuser\.m2\repository\org\springframework\boot\spring-boot-starter-logging\2.3.2.RELEASE\spring-boot-starter-logging-2.3.2.RELEASE.jar;C:\Users\PCuser\.m2\repository\ch\qos\logback\logback-classic\1.2.3\logback-classic-1.2.3.jar;C:\Users\PCuse
Launcher Type: SUN_STANDARD

Environment Variables:
JAVA_HOME=C:\Program Files\Java\jdk1.8.0
PATH=C:\Program Files (x86)\Common Files\Oracle\Java\javapath;C:\Windows\system32;C:\Windows;C:\Windows\System32\Wbem;C:\Windows\System32\WindowsPowerShell\v1.0\;C:\Windows\System32\OpenSSH\;C:\Program Files\MATLAB\R2017b\runtime\win64;C:\Program Files\MATLAB\R2017b\bin;C:\Program Files\IBM\SPSS\Statistics\25\JRE\bin;C:\Program Files\Microsoft SQL Server\Client SDK\ODBC\170\Tools\Binn\;C:\Program Files (x86)\Microsoft SQL Server\150\Tools\Binn\;C:\Program Files\Microsoft SQL Server\150\Tools\Binn\;C:\Program Files\Microsoft SQL Server\150\DTS\Binn\;C:\Program Files (x86)\Microsoft SQL Server\150\DTS\Binn\;C:\Program Files\Azure Data Studio\bin;C:\Program Files\Java\jdk1.8.0\bin;C:\Program Files\Java\jdk1.8.0\jre\bin;C:\Program Files\dotnet\;N:\lizbit\Git\cmd;N:\lizbit\微信web开发者工具\dll;C:\Users\PCuser\AppData\Local\Microsoft\WindowsApps;;C:\Program Files\JetBrains\PyCharm Community Edition 2022.1\bin;;C:\Program Files\Azure Data Studio\bin;C:\Users\PCuser\.dotnet\tools
USERNAME=PCuser
OS=Windows_NT
PROCESSOR_IDENTIFIER=Intel64 Family 6 Model 158 Stepping 10, GenuineIntel



---------------  S Y S T E M  ---------------

OS: Windows 10 , 64 bit Build 19041 (10.0.19041.1741)

CPU:total 6 (initial active 6) (6 cores per cpu, 1 threads per core) family 6 model 158 stepping 10, cmov, cx8, fxsr, mmx, sse, sse2, sse3, ssse3, sse4.1, sse4.2, popcnt, avx, avx2, aes, clmul, erms, rtm, 3dnowpref, lzcnt, tsc, tscinvbit, bmi1, bmi2, adx

Memory: 4k page, physical 8204388k(1412824k free), swap 10301536k(9624k free)

vm_info: Java HotSpot(TM) 64-Bit Server VM (25.333-b02) for windows-amd64 JRE (1.8.0_333-b02), built on Apr 25 2022 22:49:11 by "java_re" with MS VC++ 15.9 (VS2017)

time: Wed Jul 12 17:13:30 2023
timezone: 中国标准时间
elapsed time: 4.871139 seconds (0d 0h 0m 4s)

